[INFO]: Started logging...
January 13th 2021, 11:14:48 seed: 17971302
January 13th 2021, 11:14:53 [[31mERR[39m]: Client ::ffff:127.0.0.1:59518 : TypeError [ERR_INVALID_ARG_TYPE]: The "string" argument must be of type string or an instance of Buffer or ArrayBuffer. Received undefined
    at new NodeError (node:internal/errors:278:15)
    at Function.byteLength (node:buffer:712:11)
    at Object.shortString (eval at compile (C:\Users\Sam\Desktop\flying-squid\node_modules\protodef\src\compiler.js:245:12), <anonymous>:45:25)
    at nbt (eval at compile (C:\Users\Sam\Desktop\flying-squid\node_modules\protodef\src\compiler.js:245:12), <anonymous>:110:32)
    at CompiledProtodef.sizeOf (C:\Users\Sam\Desktop\flying-squid\node_modules\protodef\src\compiler.js:77:14)
    at Object.sizeOfNbt [as nbt] (C:\Users\Sam\Desktop\flying-squid\node_modules\minecraft-protocol\src\datatypes\minecraft.js:41:20)
    at Object.packet_login (eval at compile (C:\Users\Sam\Desktop\flying-squid\node_modules\protodef\src\compiler.js:245:12), <anonymous>:1078:24)
    at eval (eval at compile (C:\Users\Sam\Desktop\flying-squid\node_modules\protodef\src\compiler.js:245:12), <anonymous>:2292:50)
    at packet (eval at compile (C:\Users\Sam\Desktop\flying-squid\node_modules\protodef\src\compiler.js:245:12), <anonymous>:2346:9)
    at CompiledProtodef.sizeOf (C:\Users\Sam\Desktop\flying-squid\node_modules\protodef\src\compiler.js:77:14)
January 13th 2021, 11:14:53 [[31mERR[39m]: Client ::ffff:127.0.0.1:59518 : Error: read ECONNRESET
    at TCP.onStreamRead (node:internal/stream_base_commons:213:20)
January 13th 2021, 11:14:53 [[32mINFO[39m]: samytheplatypus disconnected
January 13th 2021, 11:14:53 [[32mINFO[39m]: samytheplatypus (::ffff:127.0.0.1) connected
January 13th 2021, 11:14:53 [[32mINFO[39m]: position written, player spawning...
January 13th 2021, 11:15:41 [[31mERR[39m]: Client ::ffff:127.0.0.1:59535 : TypeError [ERR_INVALID_ARG_TYPE]: The "string" argument must be of type string or an instance of Buffer or ArrayBuffer. Received undefined
    at new NodeError (node:internal/errors:278:15)
    at Function.byteLength (node:buffer:712:11)
    at Object.shortString (eval at compile (C:\Users\Sam\Desktop\flying-squid\node_modules\protodef\src\compiler.js:245:12), <anonymous>:45:25)
    at nbt (eval at compile (C:\Users\Sam\Desktop\flying-squid\node_modules\protodef\src\compiler.js:245:12), <anonymous>:110:32)
    at CompiledProtodef.sizeOf (C:\Users\Sam\Desktop\flying-squid\node_modules\protodef\src\compiler.js:77:14)
    at Object.sizeOfNbt [as nbt] (C:\Users\Sam\Desktop\flying-squid\node_modules\minecraft-protocol\src\datatypes\minecraft.js:41:20)
    at Object.packet_login (eval at compile (C:\Users\Sam\Desktop\flying-squid\node_modules\protodef\src\compiler.js:245:12), <anonymous>:1078:24)
    at eval (eval at compile (C:\Users\Sam\Desktop\flying-squid\node_modules\protodef\src\compiler.js:245:12), <anonymous>:2292:50)
    at packet (eval at compile (C:\Users\Sam\Desktop\flying-squid\node_modules\protodef\src\compiler.js:245:12), <anonymous>:2346:9)
    at CompiledProtodef.sizeOf (C:\Users\Sam\Desktop\flying-squid\node_modules\protodef\src\compiler.js:77:14)
January 13th 2021, 11:15:41 [[32mINFO[39m]: samytheplatypus (::ffff:127.0.0.1) connected
January 13th 2021, 11:15:42 [[32mINFO[39m]: position written, player spawning...
January 13th 2021, 11:15:42 [[32mINFO[39m]: samytheplatypus disconnected
January 13th 2021, 11:17:38 [[31mERR[39m]: Command not found
January 13th 2021, 11:17:38 [[31mERR[39m]: Command not found
January 13th 2021, 11:17:38 [[31mERR[39m]: Command not found
January 13th 2021, 11:17:38 [[31mERR[39m]: Command not found
January 13th 2021, 11:17:38 [[31mERR[39m]: Command not found
January 13th 2021, 11:17:38 [[31mERR[39m]: Command not found
January 13th 2021, 11:17:38 [[31mERR[39m]: Command not found
January 13th 2021, 11:17:38 [[31mERR[39m]: Command not found
January 13th 2021, 11:17:38 [[31mERR[39m]: Command not found
January 13th 2021, 11:17:38 [[31mERR[39m]: Command not found
January 13th 2021, 11:17:38 [[31mERR[39m]: Command not found
January 13th 2021, 11:17:38 [[31mERR[39m]: Command not found
January 13th 2021, 11:17:38 [[31mERR[39m]: Command not found
January 13th 2021, 11:17:38 [[31mERR[39m]: Command not found
January 13th 2021, 11:17:38 [[31mERR[39m]: Command not found
January 13th 2021, 11:17:38 [[31mERR[39m]: Command not found
January 13th 2021, 11:17:38 [[31mERR[39m]: Command not found
January 13th 2021, 11:17:38 [[31mERR[39m]: Command not found
January 13th 2021, 11:17:38 [[31mERR[39m]: Command not found
January 13th 2021, 11:17:38 [[31mERR[39m]: Command not found
January 13th 2021, 11:17:38 [[31mERR[39m]: Command not found
January 13th 2021, 11:17:38 [[31mERR[39m]: Command not found
January 13th 2021, 11:17:38 [[31mERR[39m]: Command not found
January 13th 2021, 11:17:38 [[31mERR[39m]: Command not found
January 13th 2021, 11:17:38 [[31mERR[39m]: Command not found
January 13th 2021, 11:17:38 [[31mERR[39m]: Command not found
January 13th 2021, 11:17:38 [[31mERR[39m]: Command not found
January 13th 2021, 11:17:38 [[31mERR[39m]: Command not found
January 13th 2021, 11:17:38 [[31mERR[39m]: Command not found
January 13th 2021, 11:17:38 [[31mERR[39m]: Command not found
January 13th 2021, 11:17:39 [[31mERR[39m]: Command not found
January 13th 2021, 11:17:39 [[31mERR[39m]: Command not found
January 13th 2021, 11:17:39 [[31mERR[39m]: Command not found
January 13th 2021, 11:17:39 [[31mERR[39m]: Command not found
January 13th 2021, 11:17:39 [[31mERR[39m]: Command not found
January 13th 2021, 11:17:39 [[31mERR[39m]: Command not found
January 13th 2021, 11:17:39 [[31mERR[39m]: Command not found
January 13th 2021, 11:17:39 [[31mERR[39m]: Command not found
January 13th 2021, 11:17:40 [[31mERR[39m]: Command not found
January 13th 2021, 11:17:40 [[31mERR[39m]: Command not found
January 13th 2021, 11:17:40 [[31mERR[39m]: Command not found
January 13th 2021, 11:17:40 [[31mERR[39m]: Command not found
January 13th 2021, 11:17:40 [[31mERR[39m]: Command not found
January 13th 2021, 11:17:40 [[31mERR[39m]: Command not found
January 13th 2021, 11:17:40 [[31mERR[39m]: Command not found
January 13th 2021, 11:17:40 [[31mERR[39m]: Command not found
January 13th 2021, 11:17:40 [[31mERR[39m]: Command not found
January 13th 2021, 11:17:40 [[31mERR[39m]: Command not found
January 13th 2021, 11:17:40 [[31mERR[39m]: Command not found
January 13th 2021, 11:17:40 [[31mERR[39m]: Command not found
January 13th 2021, 11:17:40 [[31mERR[39m]: Command not found
January 13th 2021, 11:17:40 [[31mERR[39m]: Command not found
January 13th 2021, 11:17:40 [[31mERR[39m]: Command not found
January 13th 2021, 11:17:40 [[31mERR[39m]: Command not found
January 13th 2021, 11:17:40 [[31mERR[39m]: Command not found
January 13th 2021, 11:17:40 [[31mERR[39m]: Command not found
January 13th 2021, 11:17:40 [[31mERR[39m]: Command not found
January 13th 2021, 11:17:40 [[31mERR[39m]: Command not found
January 13th 2021, 11:17:40 [[31mERR[39m]: Command not found
January 13th 2021, 11:17:40 [[31mERR[39m]: Command not found
